<object-stream>
<org.drools.core.audit.WorkingMemoryLog>
  <version>6.1</version>
  <events>
    <org.drools.core.audit.event.ObjectLogEvent>
      <type>1</type>
      <factId>1</factId>
      <objectToString>com.mycompany.app.Purchase@2554bfa</objectToString>
    </org.drools.core.audit.event.ObjectLogEvent>
    <org.drools.core.audit.event.ActivationLogEvent>
      <type>4</type>
      <activationId>purchase over 15 and less than 25 dollars [1]</activationId>
      <rule>purchase over 15 and less than 25 dollars</rule>
      <declarations>$p=com.mycompany.app.Purchase@2554bfa</declarations>
      <factHandleIds>1</factHandleIds>
    </org.drools.core.audit.event.ActivationLogEvent>
    <org.drools.core.audit.event.ActivationLogEvent>
      <type>6</type>
      <activationId>purchase over 15 and less than 25 dollars [1]</activationId>
      <rule>purchase over 15 and less than 25 dollars</rule>
      <declarations>$p=com.mycompany.app.Purchase@2554bfa</declarations>
      <factHandleIds>1</factHandleIds>
    </org.drools.core.audit.event.ActivationLogEvent>
    <org.drools.core.audit.event.ObjectLogEvent>
      <type>2</type>
      <factId>1</factId>
      <objectToString>com.mycompany.app.Purchase@2554bfa</objectToString>
    </org.drools.core.audit.event.ObjectLogEvent>
    <org.drools.core.audit.event.ActivationLogEvent>
      <type>7</type>
      <activationId>purchase over 15 and less than 25 dollars [1]</activationId>
      <rule>purchase over 15 and less than 25 dollars</rule>
      <declarations>$p=com.mycompany.app.Purchase@2554bfa</declarations>
      <factHandleIds>1</factHandleIds>
    </org.drools.core.audit.event.ActivationLogEvent>
    <org.drools.core.audit.event.ActivationLogEvent>
      <type>4</type>
      <activationId>purchase contains drink [1]</activationId>
      <rule>purchase contains drink</rule>
      <declarations>$p=com.mycompany.app.Purchase@2554bfa</declarations>
      <factHandleIds>1</factHandleIds>
    </org.drools.core.audit.event.ActivationLogEvent>
    <org.drools.core.audit.event.ActivationLogEvent>
      <type>6</type>
      <activationId>purchase contains drink [1]</activationId>
      <rule>purchase contains drink</rule>
      <declarations>$p=com.mycompany.app.Purchase@2554bfa</declarations>
      <factHandleIds>1</factHandleIds>
    </org.drools.core.audit.event.ActivationLogEvent>
    <org.drools.core.audit.event.ActivationLogEvent>
      <type>7</type>
      <activationId>purchase contains drink [1]</activationId>
      <rule>purchase contains drink</rule>
      <declarations>$p=com.mycompany.app.Purchase@2554bfa</declarations>
      <factHandleIds>1</factHandleIds>
    </org.drools.core.audit.event.ActivationLogEvent>
  </events>
</org.drools.core.audit.WorkingMemoryLog>
</object-stream>
<org.drools.core.audit.WorkingMemoryLog>
  <version>6.1</version>
  <events/>
</org.drools.core.audit.WorkingMemoryLog>
</object-stream>
